<?xml version="1.0" encoding="UTF-8"?>
<!-- Generated by org.testng.reporters.JUnitXMLReporter -->
<testsuite ignored="0" hostname="PremKumar" failures="0" tests="4" name="Default test" time="9.02" errors="0" timestamp="2026-05-12T12:22:43 IST">
  <testcase classname="api.test.PetTests" name="testCreatePet" time="4.668"/>
  <testcase classname="api.test.PetTests" name="testUpdatePet" time="1.463"/>
  <testcase classname="api.test.PetTests" name="testGetpets" time="1.381"/>
  <testcase classname="api.test.PetTests" name="testDeletePets" time="1.39"/>
</testsuite> <!-- Default test -->
