<?xml version="1.0" encoding="UTF-8"?>
<testsuite xmlns:xsi="http://www.w3.org/2001/XMLSchema-instance" xsi:noNamespaceSchemaLocation="https://maven.apache.org/surefire/maven-surefire-plugin/xsd/surefire-test-report-3.0.xsd" version="3.0" name="TestSuite" time="11.198" tests="4" errors="0" skipped="0" failures="0">
  <properties>
[...]
</properties>
  <testcase name="testPostUser" classname="api.test.UserTests2" time="3.556">
    <system-out><![CDATA[[22:58:33] [main] INFO  api.test.UserTests2 - ************************Creating User***************
HTTP/1.1 200 OK
Date: Sun, 10 May 2026 17:28:36 GMT
Content-Type: application/json
Transfer-Encoding: chunked
Connection: keep-alive
Access-Control-Allow-Origin: *
Access-Control-Allow-Methods: GET, POST, DELETE, PUT
Access-Control-Allow-Headers: Content-Type, api_key, Authorization
Server: Jetty(9.2.9.v20150224)

{
    "code": 200,
    "type": "unknown",
    "message": "1634387050"
}
[22:58:37] [main] INFO  api.test.UserTests2 - ************************ User is created***************
]]></system-out>
    <system-err><![CDATA[SLF4J(W): No SLF4J providers were found.
SLF4J(W): Defaulting to no-operation (NOP) logger implementation
SLF4J(W): See https://www.slf4j.org/codes.html#noProviders for further details.
]]></system-err>
  </testcase>
  <testcase name="getUserbyName" classname="api.test.UserTests2" time="1.382">
    <system-out><![CDATA[[22:58:37] [main] INFO  api.test.UserTests2 - ************************Reading User Info***************
HTTP/1.1 200 OK
Date: Sun, 10 May 2026 17:28:38 GMT
Content-Type: application/json
Transfer-Encoding: chunked
Connection: keep-alive
Access-Control-Allow-Origin: *
Access-Control-Allow-Methods: GET, POST, DELETE, PUT
Access-Control-Allow-Headers: Content-Type, api_key, Authorization
Server: Jetty(9.2.9.v20150224)

{
    "id": 1634387050,
    "username": "graciela.mills",
    "email": "josh.macgyver@gmail.com",
    "password": "4e6hik3",
    "phone": "1-662-987-5592",
    "userStatus": 0
}
[22:58:38] [main] INFO  api.test.UserTests2 - ************************User info Displayed***************
]]></system-out>
  </testcase>
  <testcase name="testUpdateUser" classname="api.test.UserTests2" time="2.869">
    <system-out><![CDATA[[22:58:38] [main] INFO  api.test.UserTests2 - ************************Updating User***************
{
    "code": 200,
    "type": "unknown",
    "message": "1634387050"
}
[22:58:41] [main] INFO  api.test.UserTests2 - ************************User is updated***************
]]></system-out>
  </testcase>
  <testcase name="testDeleteUser" classname="api.test.UserTests2" time="1.36">
    <system-out><![CDATA[[22:58:41] [main] INFO  api.test.UserTests2 - ************************Deleting User***************
HTTP/1.1 200 OK
Date: Sun, 10 May 2026 17:28:42 GMT
Content-Type: application/json
Transfer-Encoding: chunked
Connection: keep-alive
Access-Control-Allow-Origin: *
Access-Control-Allow-Methods: GET, POST, DELETE, PUT
Access-Control-Allow-Headers: Content-Type, api_key, Authorization
Server: Jetty(9.2.9.v20150224)

{
    "code": 200,
    "type": "unknown",
    "message": "graciela.mills"
}
[22:58:42] [main] INFO  api.test.UserTests2 - ************************User Deleted completed***************
]]></system-out>
  </testcase>
</testsuite>