<?xml version="1.0" encoding="UTF-8"?>
<testng-results ignored="0" total="4" passed="4" failed="0" skipped="0">
  <reporter-output>
  </reporter-output>
  <suite started-at="2026-05-10T22:58:32 IST" name="PetSuite" finished-at="2026-05-10T22:58:42 IST" duration-ms="9899">
    <groups>
    </groups>
    <test started-at="2026-05-10T22:58:32 IST" name="PetTest" finished-at="2026-05-10T22:58:42 IST" duration-ms="9899">
      <class name="api.test.UserTests2">
        <test-method is-config="true" signature="setupData()[pri:0, instance:api.test.UserTests2@15888343]" started-at="2026-05-10T22:58:32 IST" name="setupData" finished-at="2026-05-10T22:58:33 IST" duration-ms="689" status="PASS">
          <reporter-output>
          </reporter-output>
        </test-method> <!-- setupData -->
        <test-method signature="testPostUser()[pri:1, instance:api.test.UserTests2@15888343]" started-at="2026-05-10T22:58:33 IST" name="testPostUser" finished-at="2026-05-10T22:58:37 IST" duration-ms="3551" status="PASS">
          <reporter-output>
          </reporter-output>
        </test-method> <!-- testPostUser -->
        <test-method signature="getUserbyName()[pri:2, instance:api.test.UserTests2@15888343]" started-at="2026-05-10T22:58:37 IST" name="getUserbyName" finished-at="2026-05-10T22:58:38 IST" duration-ms="1384" status="PASS">
          <reporter-output>
          </reporter-output>
        </test-method> <!-- getUserbyName -->
        <test-method signature="testUpdateUser()[pri:3, instance:api.test.UserTests2@15888343]" started-at="2026-05-10T22:58:38 IST" name="testUpdateUser" finished-at="2026-05-10T22:58:41 IST" duration-ms="2869" status="PASS">
          <reporter-output>
          </reporter-output>
        </test-method> <!-- testUpdateUser -->
        <test-method signature="testDeleteUser()[pri:4, instance:api.test.UserTests2@15888343]" started-at="2026-05-10T22:58:41 IST" name="testDeleteUser" finished-at="2026-05-10T22:58:42 IST" duration-ms="1360" status="PASS">
          <reporter-output>
          </reporter-output>
        </test-method> <!-- testDeleteUser -->
      </class> <!-- api.test.UserTests2 -->
    </test> <!-- PetTest -->
  </suite> <!-- PetSuite -->
</testng-results>
