<?xml version="1.0" encoding="UTF-8"?>
<testng-results ignored="0" total="4" passed="4" failed="0" skipped="0">
  <reporter-output>
  </reporter-output>
  <suite started-at="2026-05-12T12:22:34 IST" name="Default suite" finished-at="2026-05-12T12:22:43 IST" duration-ms="9020">
    <groups>
    </groups>
    <test started-at="2026-05-12T12:22:34 IST" name="Default test" finished-at="2026-05-12T12:22:43 IST" duration-ms="9020">
      <class name="api.test.PetTests">
        <test-method is-config="true" signature="dataSetup()[pri:0, instance:api.test.PetTests@179ece50]" started-at="2026-05-12T12:22:34 IST" name="dataSetup" finished-at="2026-05-12T12:22:34 IST" duration-ms="55" status="PASS">
          <reporter-output>
          </reporter-output>
        </test-method> <!-- dataSetup -->
        <test-method signature="testCreatePet()[pri:1, instance:api.test.PetTests@179ece50]" started-at="2026-05-12T12:22:34 IST" name="testCreatePet" finished-at="2026-05-12T12:22:39 IST" duration-ms="4668" status="PASS">
          <reporter-output>
          </reporter-output>
        </test-method> <!-- testCreatePet -->
        <test-method signature="testUpdatePet()[pri:2, instance:api.test.PetTests@179ece50]" started-at="2026-05-12T12:22:39 IST" name="testUpdatePet" finished-at="2026-05-12T12:22:40 IST" duration-ms="1463" status="PASS">
          <reporter-output>
          </reporter-output>
        </test-method> <!-- testUpdatePet -->
        <test-method signature="testGetpets()[pri:3, instance:api.test.PetTests@179ece50]" started-at="2026-05-12T12:22:40 IST" name="testGetpets" finished-at="2026-05-12T12:22:42 IST" duration-ms="1381" status="PASS">
          <reporter-output>
          </reporter-output>
        </test-method> <!-- testGetpets -->
        <test-method signature="testDeletePets()[pri:4, instance:api.test.PetTests@179ece50]" started-at="2026-05-12T12:22:42 IST" name="testDeletePets" finished-at="2026-05-12T12:22:43 IST" duration-ms="1390" status="PASS">
          <reporter-output>
          </reporter-output>
        </test-method> <!-- testDeletePets -->
      </class> <!-- api.test.PetTests -->
    </test> <!-- Default test -->
  </suite> <!-- Default suite -->
</testng-results>
