<?xml version="1.0" encoding="UTF-8"?>
<!-- Generated by org.testng.reporters.JUnitXMLReporter -->
<testsuite ignored="0" hostname="PremKumar" failures="0" tests="4" name="PetTest" time="9.899" errors="0" timestamp="2026-05-10T22:58:43 IST">
  <testcase classname="api.test.UserTests2" name="testPostUser" time="3.551"/>
  <testcase classname="api.test.UserTests2" name="getUserbyName" time="1.384"/>
  <testcase classname="api.test.UserTests2" name="testUpdateUser" time="2.869"/>
  <testcase classname="api.test.UserTests2" name="testDeleteUser" time="1.36"/>
</testsuite> <!-- PetTest -->
