<?xml version="1.0" encoding="UTF-8"?>
<!-- Generated by org.testng.reporters.JUnitReportReporter -->
<testsuite hostname="PremKumar" failures="0" tests="4" name="api.test.StoreTests" time="8.079" errors="0" timestamp="2026-05-11T23:08:41 IST" skipped="0">
  <testcase classname="api.test.StoreTests" name="testPlaceOrder" time="3.778"/>
  <testcase classname="api.test.StoreTests" name="testGetOrder" time="1.428"/>
  <testcase classname="api.test.StoreTests" name="testDeleteOrder" time="1.398"/>
  <testcase classname="api.test.StoreTests" name="testGetAllInventory" time="1.475"/>
</testsuite> <!-- api.test.StoreTests -->
