<?xml version="1.0" encoding="UTF-8"?>
<!-- Generated by org.testng.reporters.JUnitReportReporter -->
<testsuite hostname="PremKumar" failures="0" tests="9" name="api.test.DataDrivenTests" time="16.425" errors="0" timestamp="2026-05-10T21:39:52 IST" skipped="0">
  <testcase classname="api.test.DataDrivenTests" name="testPostUser" time="1.395"/>
  <testcase classname="api.test.DataDrivenTests" name="testPostUser" time="1.435"/>
  <testcase classname="api.test.DataDrivenTests" name="testPostUser" time="5.185"/>
  <testcase classname="api.test.DataDrivenTests" name="testGetUserByName" time="1.480"/>
  <testcase classname="api.test.DataDrivenTests" name="testGetUserByName" time="1.400"/>
  <testcase classname="api.test.DataDrivenTests" name="testGetUserByName" time="1.347"/>
  <testcase classname="api.test.DataDrivenTests" name="testDeleteUserByName" time="1.358"/>
  <testcase classname="api.test.DataDrivenTests" name="testDeleteUserByName" time="1.373"/>
  <testcase classname="api.test.DataDrivenTests" name="testDeleteUserByName" time="1.452"/>
</testsuite> <!-- api.test.DataDrivenTests -->
