<?xml version="1.0" encoding="UTF-8"?>
<!-- Generated by org.testng.reporters.JUnitReportReporter -->
<testsuite hostname="PremKumar" failures="0" tests="4" name="api.test.UserTests2" time="9.222" errors="0" timestamp="2026-05-10T22:53:05 IST" skipped="0">
  <testcase classname="api.test.UserTests2" name="testPostUser" time="3.562"/>
  <testcase classname="api.test.UserTests2" name="getUserbyName" time="1.487"/>
  <testcase classname="api.test.UserTests2" name="testUpdateUser" time="2.799"/>
  <testcase classname="api.test.UserTests2" name="testDeleteUser" time="1.374"/>
</testsuite> <!-- api.test.UserTests2 -->
