<?xml version="1.0" encoding="UTF-8"?>
<!-- Generated by org.testng.reporters.JUnitReportReporter -->
<testsuite hostname="PremKumar" failures="0" tests="4" name="api.test.UserTests" time="9.980" errors="0" timestamp="2026-05-10T22:11:18 IST" skipped="0">
  <testcase classname="api.test.UserTests" name="testPostUser" time="4.341"/>
  <testcase classname="api.test.UserTests" name="getUserbyName" time="1.500"/>
  <testcase classname="api.test.UserTests" name="testUpdateUser" time="2.735"/>
  <testcase classname="api.test.UserTests" name="testDeleteUser" time="1.404"/>
</testsuite> <!-- api.test.UserTests -->
