<?xml version="1.0" encoding="UTF-8"?>
<!-- Generated by org.testng.reporters.JUnitReportReporter -->
<testsuite hostname="PremKumar" failures="0" tests="4" name="api.test.PetTests" time="8.902" errors="0" timestamp="2026-05-12T12:22:44 IST" skipped="0">
  <testcase classname="api.test.PetTests" name="testCreatePet" time="4.668"/>
  <testcase classname="api.test.PetTests" name="testUpdatePet" time="1.463"/>
  <testcase classname="api.test.PetTests" name="testGetpets" time="1.381"/>
  <testcase classname="api.test.PetTests" name="testDeletePets" time="1.390"/>
</testsuite> <!-- api.test.PetTests -->
