<?xml version="1.0" encoding="UTF-8"?>
<!-- Generated by org.testng.reporters.JUnitXMLReporter -->
<testsuite ignored="0" hostname="PremKumar" failures="0" tests="4" name="PetTest" time="10.152" errors="0" timestamp="2026-05-10T22:53:05 IST">
  <testcase classname="api.test.UserTests2" name="testPostUser" time="3.562"/>
  <testcase classname="api.test.UserTests2" name="getUserbyName" time="1.487"/>
  <testcase classname="api.test.UserTests2" name="testUpdateUser" time="2.799"/>
  <testcase classname="api.test.UserTests2" name="testDeleteUser" time="1.374"/>
</testsuite> <!-- PetTest -->
